<?xml version="1.0" encoding="UTF-8"?>
<testng-results ignored="0" total="1" passed="1" failed="0" skipped="0">
  <reporter-output>
    <line>
      <![CDATA[===DB connection successful==]]>
    </line>
    <line>
      <![CDATA[==db connection close]]>
    </line>
  </reporter-output>
  <suite started-at="2022-09-29T22:37:50 IST" name="Default suite" finished-at="2022-09-29T22:37:51 IST" duration-ms="1212">
    <groups>
    </groups>
    <test started-at="2022-09-29T22:37:50 IST" name="Default test" finished-at="2022-09-29T22:37:51 IST" duration-ms="1212">
      <class name="CreateProject.CreateProjectandVerifyinDB">
        <test-method is-config="true" signature="bsconfig()[pri:0, instance:CreateProject.CreateProjectandVerifyinDB@7205765b]" started-at="2022-09-29T22:37:49 IST" name="bsconfig" finished-at="2022-09-29T22:37:50 IST" duration-ms="532" status="PASS">
          <reporter-output>
            <line>
              <![CDATA[===DB connection successful==]]>
            </line>
          </reporter-output>
        </test-method> <!-- bsconfig -->
        <test-method signature="createProject()[pri:0, instance:CreateProject.CreateProjectandVerifyinDB@7205765b]" started-at="2022-09-29T22:37:50 IST" name="createProject" finished-at="2022-09-29T22:37:51 IST" duration-ms="1195" status="PASS">
          <reporter-output>
          </reporter-output>
        </test-method> <!-- createProject -->
        <test-method is-config="true" signature="asconfig()[pri:0, instance:CreateProject.CreateProjectandVerifyinDB@7205765b]" started-at="2022-09-29T22:37:51 IST" name="asconfig" finished-at="2022-09-29T22:37:51 IST" duration-ms="5" status="PASS">
          <reporter-output>
            <line>
              <![CDATA[==db connection close]]>
            </line>
          </reporter-output>
        </test-method> <!-- asconfig -->
      </class> <!-- CreateProject.CreateProjectandVerifyinDB -->
    </test> <!-- Default test -->
  </suite> <!-- Default suite -->
</testng-results>
